<?xml version="1.0" encoding="UTF-8"?>
<testsuite xmlns:xsi="http://www.w3.org/2001/XMLSchema-instance" xsi:schemaLocation="https://maven.apache.org/surefire/maven-surefire-plugin/xsd/surefire-test-report.xsd" name="com.gomeplus.modifyjsonp.JsonImgConvertTest" time="0.842" tests="5" errors="0" skipped="0" failures="0">
  <properties>
[...]
</properties>
  <testcase name="testAssertEqual1" classname="com.gomeplus.modifyjsonp.JsonImgConvertTest" time="0.835"/>
  <testcase name="testAssertTotalEquals" classname="com.gomeplus.modifyjsonp.JsonImgConvertTest" time="0.836"/>
  <testcase name="testAssertEqual2" classname="com.gomeplus.modifyjsonp.JsonImgConvertTest" time="0.839"/>
  <testcase name="testAssertEqual3" classname="com.gomeplus.modifyjsonp.JsonImgConvertTest" time="0.825"/>
  <testcase name="testAssertEqual0" classname="com.gomeplus.modifyjsonp.JsonImgConvertTest" time="0.836"/>
</testsuite>